<?xml version="1.0" encoding="UTF-8"?>
<testng-results skipped="0" failed="0" ignored="0" total="1" passed="1">
  <reporter-output>
  </reporter-output>
  <suite name="Default suite" duration-ms="31751" started-at="2018-02-21T07:21:47Z" finished-at="2018-02-21T07:22:18Z">
    <groups>
    </groups>
    <test name="Default test" duration-ms="31751" started-at="2018-02-21T07:21:47Z" finished-at="2018-02-21T07:22:18Z">
      <class name="com.gmail.tests.LoginTests">
        <test-method status="PASS" signature="setup()[pri:0, instance:com.gmail.tests.LoginTests@1832929]" name="setup" is-config="true" duration-ms="13385" started-at="2018-02-21T07:21:47Z" finished-at="2018-02-21T07:22:00Z">
          <reporter-output>
          </reporter-output>
        </test-method> <!-- setup -->
        <test-method status="PASS" signature="testInboxPageTitle()[pri:0, instance:com.gmail.tests.LoginTests@1832929]" name="testInboxPageTitle" duration-ms="16640" started-at="2018-02-21T07:22:00Z" finished-at="2018-02-21T07:22:17Z">
          <reporter-output>
          </reporter-output>
        </test-method> <!-- testInboxPageTitle -->
        <test-method status="PASS" signature="teardown()[pri:0, instance:com.gmail.tests.LoginTests@1832929]" name="teardown" is-config="true" duration-ms="1697" started-at="2018-02-21T07:22:17Z" finished-at="2018-02-21T07:22:18Z">
          <reporter-output>
          </reporter-output>
        </test-method> <!-- teardown -->
      </class> <!-- com.gmail.tests.LoginTests -->
    </test> <!-- Default test -->
  </suite> <!-- Default suite -->
</testng-results>
